# JRE version: Java(TM) SE Runtime Environment (8.0_111-b14) (build 1.8.0_111-b14)
# Java VM: Java HotSpot(TM) 64-Bit Server VM (25.111-b14 mixed mode windows-amd64 compressed oops)
Heap:
 PSYoungGen      total 18944K, used 3149K [0x00000000eb200000, 0x00000000ed700000, 0x0000000100000000)
  eden space 16384K, 19% used [0x00000000eb200000,0x00000000eb513700,0x00000000ec200000)
  from space 2560K, 0% used [0x00000000ec200000,0x00000000ec200000,0x00000000ec480000)
  to   space 2560K, 0% used [0x00000000ed480000,0x00000000ed480000,0x00000000ed700000)
 ParOldGen       total 41984K, used 7858K [0x00000000c1600000, 0x00000000c3f00000, 0x00000000eb200000)
  object space 41984K, 18% used [0x00000000c1600000,0x00000000c1dacb70,0x00000000c3f00000)
 Metaspace       used 21453K, capacity 21620K, committed 21888K, reserved 1069056K
  class space    used 2498K, capacity 2572K, committed 2688K, reserved 1048576K
GC Heap History (8 events):
Event: 3.216 GC heap before
{Heap before GC invocations=1 (full 0):
 PSYoungGen      total 18944K, used 16384K [0x00000000eb200000, 0x00000000ec700000, 0x0000000100000000)
  eden space 16384K, 100% used [0x00000000eb200000,0x00000000ec200000,0x00000000ec200000)
  from space 2560K, 0% used [0x00000000ec480000,0x00000000ec480000,0x00000000ec700000)
  to   space 2560K, 0% used [0x00000000ec200000,0x00000000ec200000,0x00000000ec480000)
 ParOldGen       total 44032K, used 0K [0x00000000c1600000, 0x00000000c4100000, 0x00000000eb200000)
  object space 44032K, 0% used [0x00000000c1600000,0x00000000c1600000,0x00000000c4100000)
 Metaspace       used 16380K, capacity 16536K, committed 16768K, reserved 1064960K
  class space    used 2047K, capacity 2120K, committed 2176K, reserved 1048576K
Event: 3.238 GC heap after
Heap after GC invocations=1 (full 0):
 PSYoungGen      total 18944K, used 2528K [0x00000000eb200000, 0x00000000ec700000, 0x0000000100000000)
  eden space 16384K, 0% used [0x00000000eb200000,0x00000000eb200000,0x00000000ec200000)
  from space 2560K, 98% used [0x00000000ec200000,0x00000000ec478140,0x00000000ec480000)
  to   space 2560K, 0% used [0x00000000ec480000,0x00000000ec480000,0x00000000ec700000)
 ParOldGen       total 44032K, used 2623K [0x00000000c1600000, 0x00000000c4100000, 0x00000000eb200000)
  object space 44032K, 5% used [0x00000000c1600000,0x00000000c188fe88,0x00000000c4100000)
 Metaspace       used 16380K, capacity 16536K, committed 16768K, reserved 1064960K
  class space    used 2047K, capacity 2120K, committed 2176K, reserved 1048576K
}
Event: 4.932 GC heap before
{Heap before GC invocations=2 (full 0):
 PSYoungGen      total 18944K, used 18912K [0x00000000eb200000, 0x00000000ec700000, 0x0000000100000000)
  eden space 16384K, 100% used [0x00000000eb200000,0x00000000ec200000,0x00000000ec200000)
  from space 2560K, 98% used [0x00000000ec200000,0x00000000ec478140,0x00000000ec480000)
  to   space 2560K, 0% used [0x00000000ec480000,0x00000000ec480000,0x00000000ec700000)
 ParOldGen       total 44032K, used 2623K [0x00000000c1600000, 0x00000000c4100000, 0x00000000eb200000)
  object space 44032K, 5% used [0x00000000c1600000,0x00000000c188fe88,0x00000000c4100000)
 Metaspace       used 19656K, capacity 19838K, committed 20096K, reserved 1067008K
  class space    used 2274K, capacity 2345K, committed 2432K, reserved 1048576K
Event: 4.959 GC heap after
Heap after GC invocations=2 (full 0):
 PSYoungGen      total 18944K, used 2535K [0x00000000eb200000, 0x00000000ed700000, 0x0000000100000000)
  eden space 16384K, 0% used [0x00000000eb200000,0x00000000eb200000,0x00000000ec200000)
  from space 2560K, 99% used [0x00000000ec480000,0x00000000ec6f9f58,0x00000000ec700000)
  to   space 2560K, 0% used [0x00000000ec200000,0x00000000ec200000,0x00000000ec480000)
 ParOldGen       total 44032K, used 6936K [0x00000000c1600000, 0x00000000c4100000, 0x00000000eb200000)
  object space 44032K, 15% used [0x00000000c1600000,0x00000000c1cc6390,0x00000000c4100000)
 Metaspace       used 19656K, capacity 19838K, committed 20096K, reserved 1067008K
  class space    used 2274K, capacity 2345K, committed 2432K, reserved 1048576K
}
Event: 5.838 GC heap before
{Heap before GC invocations=3 (full 0):
 PSYoungGen      total 18944K, used 4926K [0x00000000eb200000, 0x00000000ed700000, 0x0000000100000000)
  eden space 16384K, 14% used [0x00000000eb200000,0x00000000eb455b70,0x00000000ec200000)
  from space 2560K, 99% used [0x00000000ec480000,0x00000000ec6f9f58,0x00000000ec700000)
  to   space 2560K, 0% used [0x00000000ec200000,0x00000000ec200000,0x00000000ec480000)
 ParOldGen       total 44032K, used 6936K [0x00000000c1600000, 0x00000000c4100000, 0x00000000eb200000)
  object space 44032K, 15% used [0x00000000c1600000,0x00000000c1cc6390,0x00000000c4100000)
 Metaspace       used 20876K, capacity 21002K, committed 21248K, reserved 1069056K
  class space    used 2413K, capacity 2475K, committed 2560K, reserved 1048576K
Event: 5.887 GC heap after
Heap after GC invocations=3 (full 0):
 PSYoungGen      total 18944K, used 2535K [0x00000000eb200000, 0x00000000ed700000, 0x0000000100000000)
  eden space 16384K, 0% used [0x00000000eb200000,0x00000000eb200000,0x00000000ec200000)
  from space 2560K, 99% used [0x00000000ec200000,0x00000000ec479f58,0x00000000ec480000)
  to   space 2560K, 0% used [0x00000000ed480000,0x00000000ed480000,0x00000000ed700000)
 ParOldGen       total 44032K, used 7343K [0x00000000c1600000, 0x00000000c4100000, 0x00000000eb200000)
  object space 44032K, 16% used [0x00000000c1600000,0x00000000c1d2bda0,0x00000000c4100000)
 Metaspace       used 20876K, capacity 21002K, committed 21248K, reserved 1069056K
  class space    used 2413K, capacity 2475K, committed 2560K, reserved 1048576K
}
Event: 5.887 GC heap before
{Heap before GC invocations=4 (full 1):
 PSYoungGen      total 18944K, used 2535K [0x00000000eb200000, 0x00000000ed700000, 0x0000000100000000)
  eden space 16384K, 0% used [0x00000000eb200000,0x00000000eb200000,0x00000000ec200000)
  from space 2560K, 99% used [0x00000000ec200000,0x00000000ec479f58,0x00000000ec480000)
  to   space 2560K, 0% used [0x00000000ed480000,0x00000000ed480000,0x00000000ed700000)
 ParOldGen       total 44032K, used 7343K [0x00000000c1600000, 0x00000000c4100000, 0x00000000eb200000)
  object space 44032K, 16% used [0x00000000c1600000,0x00000000c1d2bda0,0x00000000c4100000)
 Metaspace       used 20876K, capacity 21002K, committed 21248K, reserved 1069056K
  class space    used 2413K, capacity 2475K, committed 2560K, reserved 1048576K
Event: 6.332 GC heap after
Heap after GC invocations=4 (full 1):
 PSYoungGen      total 18944K, used 0K [0x00000000eb200000, 0x00000000ed700000, 0x0000000100000000)
  eden space 16384K, 0% used [0x00000000eb200000,0x00000000eb200000,0x00000000ec200000)
  from space 2560K, 0% used [0x00000000ec200000,0x00000000ec200000,0x00000000ec480000)
  to   space 2560K, 0% used [0x00000000ed480000,0x00000000ed480000,0x00000000ed700000)
 ParOldGen       total 41984K, used 7858K [0x00000000c1600000, 0x00000000c3f00000, 0x00000000eb200000)
  object space 41984K, 18% used [0x00000000c1600000,0x00000000c1dacb70,0x00000000c3f00000)
 Metaspace       used 20876K, capacity 21002K, committed 21248K, reserved 1069056K
  class space    used 2413K, capacity 2475K, committed 2560K, reserved 1048576K
}

